{"level":"error","message":"Wed Feb 28 2024 19:26:33 GMT+0100 (heure normale d’Europe centrale)-{\"name\":\"Data Not found\",\"statusCode\":{},\"isOperational\":true}","private":true}
{"level":"error","message":"Wed Feb 28 2024 19:29:57 GMT+0100 (heure normale d’Europe centrale)-{\"name\":\"Data Not found\",\"statusCode\":{},\"isOperational\":true}","private":true}
{"level":"error","message":"Wed Feb 28 2024 19:38:18 GMT+0100 (heure normale d’Europe centrale)-{\"name\":\"Data Not found\",\"statusCode\":{},\"isOperational\":true}","private":true}
{"level":"error","message":"Wed Feb 28 2024 20:26:41 GMT+0100 (heure normale d’Europe centrale)-{\"name\":\"Data Not found\",\"statusCode\":{},\"isOperational\":true}","private":true}
{"level":"error","message":"Wed Feb 28 2024 20:37:21 GMT+0100 (heure normale d’Europe centrale)-{\"name\":\"Data Not found\",\"statusCode\":{},\"isOperational\":true}","private":true}
{"level":"error","message":"Wed Feb 28 2024 21:07:58 GMT+0100 (heure normale d’Europe centrale)-{\"name\":\"Data Not found\",\"statusCode\":{},\"isOperational\":true}","private":true}
{"level":"error","message":"Wed Feb 28 2024 21:12:07 GMT+0100 (heure normale d’Europe centrale)-{\"name\":\"Data Not found\",\"statusCode\":{},\"isOperational\":true}","private":true}
{"level":"error","message":"Wed Feb 28 2024 21:13:34 GMT+0100 (heure normale d’Europe centrale)-{\"name\":\"Data Not found\",\"statusCode\":{},\"isOperational\":true}","private":true}
{"level":"error","message":"Wed Feb 28 2024 21:14:39 GMT+0100 (heure normale d’Europe centrale)-{\"name\":\"Data Not found\",\"statusCode\":{},\"isOperational\":true}","private":true}
{"level":"error","message":"Wed Feb 28 2024 21:21:29 GMT+0100 (heure normale d’Europe centrale)-{\"name\":\"Data Not found\",\"statusCode\":{},\"isOperational\":true}","private":true}
{"level":"error","message":"Wed Feb 28 2024 21:22:21 GMT+0100 (heure normale d’Europe centrale)-{\"name\":\"Data Not found\",\"statusCode\":{},\"isOperational\":true}","private":true}
{"level":"error","message":"Wed Feb 28 2024 21:23:23 GMT+0100 (heure normale d’Europe centrale)-{\"name\":\"Data Not found\",\"statusCode\":{\"name\":\"API Error\",\"statusCode\":500,\"isOperational\":true},\"isOperational\":true}","private":true}
{"level":"error","message":"Wed Feb 28 2024 21:27:47 GMT+0100 (heure normale d’Europe centrale)-{\"name\":\"Data Not found\",\"statusCode\":{\"name\":\"API Error\",\"statusCode\":500,\"isOperational\":true},\"isOperational\":true}","private":true}
{"level":"error","message":"Wed Feb 28 2024 21:29:36 GMT+0100 (heure normale d’Europe centrale)-{\"name\":\"Data Not found\",\"statusCode\":{\"name\":\"API Error\",\"statusCode\":500,\"isOperational\":true},\"isOperational\":true}","private":true}
{"level":"error","message":"Wed Feb 28 2024 21:37:24 GMT+0100 (heure normale d’Europe centrale)-{\"name\":\"Data Not found\",\"statusCode\":{\"name\":\"API Error\",\"statusCode\":500,\"isOperational\":true},\"isOperational\":true}","private":true}
{"level":"error","message":"Thu Feb 29 2024 21:52:28 GMT+0100 (heure normale d’Europe centrale)-{\"name\":\"Data Not found\",\"statusCode\":{},\"isOperational\":true}","private":true}
{"level":"error","message":"Thu Feb 29 2024 22:18:26 GMT+0100 (heure normale d’Europe centrale)-{\"expose\":true,\"statusCode\":400,\"status\":400,\"body\":\"{\\r\\n\\\"email\\\":\\\"yahya@gmail.com\\\",\\r\\n\\\"password\\\":\\\"aaaa\\\"\\r\\n\\\"phone\\\":\\\"ee\\\"\\r\\n\\r\\n}\",\"type\":\"entity.parse.failed\"}","private":true}
{"level":"error","message":"Sat Mar 02 2024 23:37:43 GMT+0100 (heure normale d’Europe centrale)-{\"expose\":true,\"statusCode\":400,\"status\":400,\"body\":\"{\\r\\n  \\\"companyName\\\"\\\":dddd\\\",\\r\\n  \\\"companyRegistrationNumber\\\":\\\"bbbb\\\", \\r\\n  \\\"email\\\":\\\"yahyadsd@gmail.com\\\", \\r\\n  \\\"password\\\":\\\"dddd\\\", \\r\\n  \\\"isEnterprise\\\":\\\"false\\\", \\r\\n  \\\"phone\\\":\\\"dddd\\\"\\r\\n\\r\\n}\",\"type\":\"entity.parse.failed\"}","private":true}
{"level":"error","message":"Sat Mar 02 2024 23:38:02 GMT+0100 (heure normale d’Europe centrale)-{\"expose\":true,\"statusCode\":400,\"status\":400,\"body\":\"{\\r\\n  \\\"companyName\\\"\\\":dddd\\\",\\r\\n  \\\"companyRegistrationNumber\\\":\\\"bbbb\\\", \\r\\n  \\\"email\\\":\\\"yahyadsdn@gmail.com\\\", \\r\\n  \\\"password\\\":\\\"dddd\\\", \\r\\n  \\\"isEnterprise\\\":\\\"false\\\", \\r\\n  \\\"phone\\\":\\\"dddd\\\"\\r\\n\\r\\n}\",\"type\":\"entity.parse.failed\"}","private":true}
{"level":"error","message":"Tue Mar 05 2024 22:11:53 GMT+0100 (heure normale d’Europe centrale)-{\"statusCode\":500,\"message\":\"Data Not found\",\"source\":{}}","private":true}
{"level":"error","message":"Tue Mar 05 2024 22:18:08 GMT+0100 (heure normale d’Europe centrale)-{\"statusCode\":500,\"message\":\"Data Not found\",\"source\":{}}","private":true}
{"level":"error","message":"Tue Mar 05 2024 22:19:10 GMT+0100 (heure normale d’Europe centrale)-{\"statusCode\":500,\"message\":\"Data Not found\",\"source\":{}}","private":true}
{"level":"error","message":"Tue Mar 05 2024 23:06:49 GMT+0100 (heure normale d’Europe centrale)-{\"statusCode\":500,\"message\":\"Data Not found\",\"source\":{}}","private":true}
{"level":"error","message":"Tue Mar 05 2024 23:10:46 GMT+0100 (heure normale d’Europe centrale)-{\"statusCode\":500,\"message\":\"Data Not found\",\"source\":{}}","private":true}
{"level":"error","message":"Tue Mar 05 2024 23:10:52 GMT+0100 (heure normale d’Europe centrale)-{\"statusCode\":500,\"message\":\"Data Not found\",\"source\":{}}","private":true}
{"level":"error","message":"Tue Mar 05 2024 23:13:54 GMT+0100 (heure normale d’Europe centrale)-{\"statusCode\":500,\"message\":\"Data Not found\",\"source\":{}}","private":true}
{"level":"error","message":"Tue Mar 05 2024 23:17:48 GMT+0100 (heure normale d’Europe centrale)-{\"statusCode\":500,\"message\":\"Data \",\"source\":{}}","private":true}
{"level":"error","message":"Tue Mar 05 2024 23:18:55 GMT+0100 (heure normale d’Europe centrale)-{\"statusCode\":500,\"message\":\"Data not found\",\"source\":{}}","private":true}
{"level":"error","message":"Wed Mar 06 2024 10:13:52 GMT+0100 (heure normale d’Europe centrale)-{\"statusCode\":500,\"message\":\"Data not found\",\"source\":{}}","private":true}
{"level":"error","message":"Wed Mar 06 2024 10:13:57 GMT+0100 (heure normale d’Europe centrale)-{\"statusCode\":500,\"message\":\"Data not found\",\"source\":{}}","private":true}
{"level":"error","message":"Wed Mar 06 2024 10:17:20 GMT+0100 (heure normale d’Europe centrale)-{\"statusCode\":500,\"message\":\"Data not found\",\"source\":{}}","private":true}
{"level":"error","message":"Wed Mar 06 2024 10:18:39 GMT+0100 (heure normale d’Europe centrale)-{\"statusCode\":500,\"message\":\"Data not found\",\"source\":{}}","private":true}
{"level":"error","message":"Wed Mar 06 2024 10:30:56 GMT+0100 (heure normale d’Europe centrale)-{\"statusCode\":500,\"message\":\"Data not found\",\"source\":{}}","private":true}
{"level":"error","message":"Wed Mar 06 2024 10:34:38 GMT+0100 (heure normale d’Europe centrale)-{\"statusCode\":500,\"message\":\"Data not found\",\"source\":{}}","private":true}
{"level":"error","message":"Wed Mar 06 2024 10:38:30 GMT+0100 (heure normale d’Europe centrale)-{\"statusCode\":500,\"message\":\"Data not found\",\"source\":{}}","private":true}
{"level":"error","message":"Wed Mar 06 2024 10:47:59 GMT+0100 (heure normale d’Europe centrale)-{\"statusCode\":500,\"message\":\"Data not found\",\"source\":{}}","private":true}
{"level":"error","message":"Wed Mar 06 2024 10:49:25 GMT+0100 (heure normale d’Europe centrale)-{\"statusCode\":500,\"message\":\"Data not found\",\"source\":{}}","private":true}
{"level":"error","message":"Wed Mar 06 2024 11:28:47 GMT+0100 (heure normale d’Europe centrale)-{\"statusCode\":500,\"message\":\"Data not found\",\"source\":{}}","private":true}
{"level":"error","message":"Wed Mar 06 2024 12:54:57 GMT+0100 (heure normale d’Europe centrale)-{}","private":true}
{"level":"error","message":"Wed Mar 06 2024 12:58:01 GMT+0100 (heure normale d’Europe centrale)-{}","private":true}
{"level":"error","message":"Wed Mar 06 2024 12:59:07 GMT+0100 (heure normale d’Europe centrale)-{}","private":true}
{"level":"error","message":"Wed Mar 06 2024 13:01:24 GMT+0100 (heure normale d’Europe centrale)-{}","private":true}
{"level":"error","message":"Wed Mar 06 2024 13:05:00 GMT+0100 (heure normale d’Europe centrale)-{}","private":true}
{"level":"error","message":"Wed Mar 06 2024 19:41:57 GMT+0100 (heure normale d’Europe centrale)-{}","private":true}
{"level":"error","message":"Wed Mar 06 2024 19:45:49 GMT+0100 (heure normale d’Europe centrale)-{}","private":true}
{"level":"error","message":"Wed Mar 06 2024 19:47:20 GMT+0100 (heure normale d’Europe centrale)-{}","private":true}
{"level":"error","message":"Wed Mar 06 2024 19:52:41 GMT+0100 (heure normale d’Europe centrale)-{}","private":true}
{"level":"error","message":"Thu Mar 14 2024 23:43:32 GMT+0100 (heure normale d’Europe centrale)-{\"expose\":true,\"statusCode\":400,\"status\":400,\"body\":\"{\\r\\n\\\"firstname\\\":\\\"saidi\\\",\\r\\n\\\"lastname\\\":\\\"yayaya\\\"\\r\\n  \\\"email\\\":\\\"ssss@gmail.com\\\", \\r\\n  \\\"password\\\":\\\"94491967\\\", \\r\\n  \\\"isEnterprise\\\":\\\"false\\\", \\r\\n  \\\"phone\\\":\\\"dddd\\\"\\r\\n\\r\\n}\",\"type\":\"entity.parse.failed\"}","private":true}
{"level":"error","message":"Mon Mar 18 2024 01:57:58 GMT+0100 (heure normale d’Europe centrale)-{\"expose\":true,\"statusCode\":400,\"status\":400,\"body\":\"{\\r\\n\\\"title\\\":\\\"dadadad\\\",\\r\\n\\\"description\\\":\\\"daaddadad\\\",\\r\\n\\\"category\\\":\\\"daadadad\\\",\\r\\n \\\"objective\\\":\\\"adadadad\\\",\\r\\n \\\"tags\\\":\\\"dddddd\\\",\\r\\n  \\\"image\\\":\\\"dddd\\\",\\r\\n \\\"avancements\\\":[\\\"av1\\\"],\\r\\n  \\\"companie\\\":{\\\"fff\\\",\\\"fff\\\",\\\"fff\\\"}\\r\\n}\",\"type\":\"entity.parse.failed\"}","private":true}
{"level":"error","message":"Mon Mar 25 2024 23:13:38 GMT+0100 (heure normale d’Europe centrale)-{\"expose\":true,\"statusCode\":400,\"status\":400,\"body\":\"{ \\r\\n    \\\"title\\\": \\\"project1\\\",\\r\\n    \\\"description\\\": \\\"daaddadad\\\",\\r\\n    \\\"category\\\": \\\"daadadad\\\",\\r\\n    \\\"objective\\\": \\\"adadadad\\\",\\r\\n    \\\"tags\\\": \\\"dddddd\\\",\\r\\n    \\\"image\\\": \\\"dddd\\\",\\r\\n    \\\"avancements\\\": [\\r\\n        {\\r\\n            \\\"title\\\": \\\"a1bbb\\\",\\r\\n            \\\"description\\\": \\\"akakakak\\\",\\r\\n            \\\"image\\\": \\\"ajjajajaj\\\",\\r\\n            \\\"video\\\": \\\"kakakakka\\\"\\r\\n        }\\r\\n    ],\\r\\n    \\\"companiecollect\\\":[\\r\\n         {\\r\\n            \\\"montant\\\": \\\"20000\\\",\\r\\n            \\\"objectivemontant\\\": \\\"akakakak\\\"\\r\\n        }\\r\\n    ],\\r\\n}\",\"type\":\"entity.parse.failed\"}","private":true}
{"level":"error","message":"Sun Jul 14 2024 12:04:04 GMT+0100 (heure normale d’Europe centrale)-{\"name\":\"MulterError\",\"message\":\"Unexpected field\",\"code\":\"LIMIT_UNEXPECTED_FILE\",\"field\":\"tags\",\"storageErrors\":[]}","private":true}
{"level":"error","message":"Sun Jul 14 2024 12:05:09 GMT+0100 (heure normale d’Europe centrale)-{\"errno\":-4058,\"code\":\"ENOENT\",\"syscall\":\"open\",\"path\":\"C:\\\\Users\\\\Yahia\\\\Desktop\\\\yahya\\\\backend-microservice\\\\projectservice\\\\uploads\\\\1720955109203-istockphoto-625736338-612x612.jpg\",\"storageErrors\":[]}","private":true}
{"level":"error","message":"Sun Jul 14 2024 12:15:56 GMT+0100 (heure normale d’Europe centrale)-{\"name\":\"MulterError\",\"message\":\"Unexpected field\",\"code\":\"LIMIT_UNEXPECTED_FILE\",\"field\":\"tags\",\"storageErrors\":[]}","private":true}
{"level":"error","message":"Sun Jul 14 2024 13:59:11 GMT+0100 (heure normale d’Europe centrale)-{\"name\":\"MulterError\",\"message\":\"Unexpected field\",\"code\":\"LIMIT_UNEXPECTED_FILE\",\"field\":\"avancements[0][image]\",\"storageErrors\":[]}","private":true}
{"level":"error","message":"Mon Jul 15 2024 20:17:02 GMT+0100 (heure normale d’Europe centrale)-{\"name\":\"MulterError\",\"message\":\"Unexpected field\",\"code\":\"LIMIT_UNEXPECTED_FILE\",\"field\":\"avancements[0][image]\",\"storageErrors\":[]}","private":true}
{"level":"error","message":"Mon Jul 15 2024 20:30:26 GMT+0100 (heure normale d’Europe centrale)-{\"name\":\"MulterError\",\"message\":\"Unexpected field\",\"code\":\"LIMIT_UNEXPECTED_FILE\",\"field\":\"avancements[0][image]\",\"storageErrors\":[]}","private":true}
{"level":"error","message":"Mon Jul 15 2024 20:31:45 GMT+0100 (heure normale d’Europe centrale)-{\"name\":\"MulterError\",\"message\":\"Unexpected field\",\"code\":\"LIMIT_UNEXPECTED_FILE\",\"field\":\"avancements[0][image]\",\"storageErrors\":[]}","private":true}
{"level":"error","message":"Mon Jul 15 2024 20:33:36 GMT+0100 (heure normale d’Europe centrale)-{\"name\":\"MulterError\",\"message\":\"Unexpected field\",\"code\":\"LIMIT_UNEXPECTED_FILE\",\"field\":\"avancements[0][image]\",\"storageErrors\":[]}","private":true}
{"level":"error","message":"Mon Jul 15 2024 20:33:37 GMT+0100 (heure normale d’Europe centrale)-{\"name\":\"MulterError\",\"message\":\"Unexpected field\",\"code\":\"LIMIT_UNEXPECTED_FILE\",\"field\":\"avancements[0][image]\",\"storageErrors\":[]}","private":true}
{"level":"error","message":"Mon Jul 15 2024 20:36:30 GMT+0100 (heure normale d’Europe centrale)-{\"name\":\"MulterError\",\"message\":\"Unexpected field\",\"code\":\"LIMIT_UNEXPECTED_FILE\",\"field\":\"avancements[0][image]\",\"storageErrors\":[]}","private":true}
{"level":"error","message":"Mon Jul 29 2024 22:39:04 GMT+0100 (heure normale d’Europe centrale)-{\"expose\":true,\"statusCode\":400,\"status\":400,\"body\":\"{\\r\\n\\\"title\\\":\\\"project\\\"\\r\\n\\\"category\\\":\\\"eeee\\\"\\r\\n}\",\"type\":\"entity.parse.failed\"}","private":true}
{"level":"error","message":"Mon Jul 29 2024 22:46:48 GMT+0100 (heure normale d’Europe centrale)-{\"expose\":true,\"statusCode\":400,\"status\":400,\"body\":\"{\\r\\n\\\"title\\\":\\\"project88\\\",\\r\\n}\",\"type\":\"entity.parse.failed\"}","private":true}
{"level":"error","message":"Wed Aug 07 2024 15:58:19 GMT+0100 (heure normale d’Europe centrale)-{\"name\":\"MulterError\",\"message\":\"Unexpected field\",\"code\":\"LIMIT_UNEXPECTED_FILE\",\"field\":\"image\",\"storageErrors\":[]}","private":true}
